<?xml version="1.0" encoding="UTF-8"?>
<!-- Generated by org.testng.reporters.JUnitXMLReporter -->
<testsuite ignored="5" hostname="DESKTOP-8B0ED0H" failures="0" tests="4" name="adhoc" time="0.175" errors="0" timestamp="2023-04-01T19:14:57 IST">
  <testcase classname="com.trello.qspiders.learntestng.GroupA" name="nameA" time="0.024"/>
  <testcase classname="com.trello.qspiders.learntestng.GroupA" name="nameB" time="0.006"/>
  <testcase classname="com.trello.qspiders.learntestng.GroupC" name="nameG" time="0.005"/>
  <testcase classname="com.trello.qspiders.learntestng.GroupB" name="nameD" time="0.004"/>
  <testcase classname="com.trello.qspiders.learntestng.GroupB" name="nameF" time="0.0">
    <ignored/>
  </testcase> <!-- nameF -->
  <testcase classname="com.trello.qspiders.learntestng.GroupB" name="nameE" time="0.0">
    <ignored/>
  </testcase> <!-- nameE -->
  <testcase classname="com.trello.qspiders.learntestng.GroupC" name="nameH" time="0.0">
    <ignored/>
  </testcase> <!-- nameH -->
  <testcase classname="com.trello.qspiders.learntestng.GroupA" name="nameC" time="0.0">
    <ignored/>
  </testcase> <!-- nameC -->
  <testcase classname="com.trello.qspiders.learntestng.GroupC" name="nameI" time="0.0">
    <ignored/>
  </testcase> <!-- nameI -->
</testsuite> <!-- adhoc -->
