<?xml version="1.0" encoding="UTF-8"?>
<!-- Generated by org.testng.reporters.JUnitXMLReporter -->
<testsuite ignored="0" hostname="DESKTOP-8B0ED0H" failures="0" tests="4" name="Test" time="0.084" errors="0" timestamp="2023-03-27T12:07:51 IST">
  <testcase classname="com.trello.qspiders.learntestng.DataDrivenTestingByClass" name="supplyDataToMe" time="0.015"/>
  <testcase classname="com.trello.qspiders.learntestng.DataDrivenTestingByClass" name="supplyDataToMe" time="0.003"/>
  <testcase classname="com.trello.qspiders.learntestng.DataDrivenTestingByClass" name="supplyDataToMe" time="0.003"/>
  <testcase classname="com.trello.qspiders.learntestng.DataDrivenTestingByClass" name="supplyDataToMe" time="0.003"/>
</testsuite> <!-- Test -->
