<?xml version="1.0" encoding="UTF-8"?>
<!-- Generated by org.testng.reporters.JUnitReportReporter -->
<testsuite hostname="DESKTOP-8B0ED0H" failures="0" tests="1" name="com.trello.qspiders.trelloendtoend.TrelloLoginTest" time="28.218" errors="0" timestamp="2023-04-13T01:43:12 IST" skipped="0">
  <testcase classname="com.trello.qspiders.trelloendtoend.TrelloLoginTest" name="homeCheck_01" time="28.218"/>
  <system-out>
    <![CDATA[Manage Your Team’s Projects From Anywhere | Trello
Trello LoginPage Displayed
Trello HomePage Displayed
Trello Login with  Atlassian page is displayed
Boards Profile Home Page is displayed]]>
  </system-out>
</testsuite> <!-- com.trello.qspiders.trelloendtoend.TrelloLoginTest -->
