<?xml version="1.0" encoding="UTF-8"?>
<!-- Generated by org.testng.reporters.JUnitXMLReporter -->
<testsuite ignored="1" hostname="DESKTOP-8B0ED0H" failures="0" tests="44" name="regression" time="14.712" errors="0" timestamp="2023-03-25T11:29:04 IST">
  <testcase classname="com.trello.qspiders.learntestng.ExecuteSameTestcaseMultipleTimes" name="watermelonTest" time="0.035"/>
  <testcase classname="com.trello.qspiders.learntestng.ExecuteSameTestcaseMultipleTimes" name="mangoTest" time="0.003"/>
  <testcase classname="com.trello.qspiders.learntestng.ExecuteSameTestcaseMultipleTimes" name="mangoTest" time="0.004"/>
  <testcase classname="com.trello.qspiders.learntestng.ExecuteSameTestcaseMultipleTimes" name="mangoTest" time="0.003"/>
  <testcase classname="com.trello.qspiders.learntestng.ExecuteSameTestcaseMultipleTimes" name="bananaTest" time="0.006"/>
  <testcase classname="com.trello.qspiders.learntestng.ExecuteSameTestcaseMultipleTimes" name="grapesTest" time="0.021"/>
  <testcase classname="com.trello.qspiders.learntestng.ExecuteSameTestcaseMultipleTimes" name="orangeTest" time="0.009"/>
  <testcase classname="com.trello.qspiders.learntestng.ExecuteSameTestcaseMultipleTimes" name="appleTest" time="0.004"/>
  <testcase classname="com.trello.qspiders.learntestng.UsageOfBeforeAndAfterMethod" name="testcase" time="5.131"/>
  <testcase classname="com.trello.qspiders.learntestng.WhatIfMultipleTestAnnotationsINTheClass" name="appleTest" time="0.001"/>
  <testcase classname="com.trello.qspiders.learntestng.WhatIfMultipleTestAnnotationsINTheClass" name="bananaTest" time="0.003"/>
  <testcase classname="com.trello.qspiders.learntestng.WhatIfMultipleTestAnnotationsINTheClass" name="grapesTest" time="0.006"/>
  <testcase classname="com.trello.qspiders.learntestng.WhatIfMultipleTestAnnotationsINTheClass" name="mangoTest" time="0.002"/>
  <testcase classname="com.trello.qspiders.learntestng.WhatIfMultipleTestAnnotationsINTheClass" name="orangeTest" time="0.004"/>
  <testcase classname="com.trello.qspiders.learntestng.WhatIfMultipleTestAnnotationsINTheClass" name="watermelonTest" time="0.004"/>
  <testcase classname="com.trello.qspiders.learntestng.GroupA" name="nameA" time="0.004"/>
  <testcase classname="com.trello.qspiders.learntestng.GroupA" name="nameB" time="0.001"/>
  <testcase classname="com.trello.qspiders.learntestng.GroupA" name="nameC" time="0.001"/>
  <testcase classname="com.trello.qspiders.learntestng.UserDefinedOrder" name="watermelonTest" time="0.001"/>
  <testcase classname="com.trello.qspiders.learntestng.UserDefinedOrder" name="mangoTest" time="0.005"/>
  <testcase classname="com.trello.qspiders.learntestng.UserDefinedOrder" name="bananaTest" time="0.003"/>
  <testcase classname="com.trello.qspiders.learntestng.UserDefinedOrder" name="grapesTest" time="0.003"/>
  <testcase classname="com.trello.qspiders.learntestng.UserDefinedOrder" name="orangeTest" time="0.002"/>
  <testcase classname="com.trello.qspiders.learntestng.UserDefinedOrder" name="appleTest" time="0.002"/>
  <testcase classname="com.trello.qspiders.learntestng.GroupC" name="nameG" time="0.009"/>
  <testcase classname="com.trello.qspiders.learntestng.GroupC" name="nameH" time="0.014"/>
  <testcase classname="com.trello.qspiders.learntestng.GroupC" name="nameI" time="0.005"/>
  <testcase classname="com.trello.qspiders.learntestng.DataDrivenTestingByClass" name="supplyDataToMe" time="0.006"/>
  <testcase classname="com.trello.qspiders.learntestng.DataDrivenTestingByClass" name="supplyDataToMe" time="0.005"/>
  <testcase classname="com.trello.qspiders.learntestng.DataDrivenTestingByClass" name="supplyDataToMe" time="0.002"/>
  <testcase classname="com.trello.qspiders.learntestng.DataDrivenTestingByClass" name="supplyDataToMe" time="0.014"/>
  <testcase classname="com.trello.qspiders.learntestng.DisableTestCaseFromExecution" name="watermelonTest" time="0.004"/>
  <testcase classname="com.trello.qspiders.learntestng.DisableTestCaseFromExecution" name="mangoTest" time="0.005"/>
  <testcase classname="com.trello.qspiders.learntestng.DisableTestCaseFromExecution" name="mangoTest" time="0.002"/>
  <testcase classname="com.trello.qspiders.learntestng.DisableTestCaseFromExecution" name="mangoTest" time="0.003"/>
  <testcase classname="com.trello.qspiders.learntestng.DisableTestCaseFromExecution" name="bananaTest" time="0.006"/>
  <testcase classname="com.trello.qspiders.learntestng.DisableTestCaseFromExecution" name="grapesTest" time="0.009"/>
  <testcase classname="com.trello.qspiders.learntestng.DisableTestCaseFromExecution" name="orangeTest" time="0.002"/>
  <testcase classname="com.trello.qspiders.learntestng.GroupB" name="nameD" time="0.01"/>
  <testcase classname="com.trello.qspiders.learntestng.GroupB" name="nameE" time="0.002"/>
  <testcase classname="com.trello.qspiders.learntestng.GroupB" name="nameF" time="0.006"/>
  <testcase classname="com.trello.qspiders.learntestng.OrderOfBasicAnnotations" name="uploadProfilePic" time="0.005"/>
  <testcase classname="com.trello.qspiders.learntestng.OrderOfBasicAnnotations" name="sendFriendRequest" time="0.005"/>
  <testcase classname="com.trello.qspiders.learntestng.OrderOfBasicAnnotations" name="acceptFriendRequest" time="0.007"/>
  <testcase classname="com.trello.qspiders.learntestng.DisableTestCaseFromExecution" name="appleTest" time="0.0">
    <ignored/>
  </testcase> <!-- appleTest -->
</testsuite> <!-- regression -->
