<?xml version="1.0" encoding="UTF-8"?>
<!-- Generated by org.testng.reporters.JUnitXMLReporter -->
<testsuite ignored="0" hostname="DESKTOP-8B0ED0H" failures="0" tests="4" name="dataproviderwithsameclass" time="0.085" errors="0" timestamp="2023-04-15T23:24:20 IST">
  <testcase classname="com.trello.qspiders.learntestng.DataDrivenTestingByClass" name="supplyDataToMe" time="0.013"/>
  <testcase classname="com.trello.qspiders.learntestng.DataDrivenTestingByClass" name="supplyDataToMe" time="0.002"/>
  <testcase classname="com.trello.qspiders.learntestng.DataDrivenTestingByClass" name="supplyDataToMe" time="0.003"/>
  <testcase classname="com.trello.qspiders.learntestng.DataDrivenTestingByClass" name="supplyDataToMe" time="0.004"/>
</testsuite> <!-- dataproviderwithsameclass -->
